<?xml version="1.0" encoding="UTF-8"?>
<testsuite xmlns:xsi="http://www.w3.org/2001/XMLSchema-instance" xsi:noNamespaceSchemaLocation="https://maven.apache.org/surefire/maven-surefire-plugin/xsd/surefire-test-report-3.0.xsd" version="3.0" name="com.batalhanaval.ApplicationTests" time="7.74" tests="1" errors="0" skipped="0" failures="0">
  <properties>
[...]
</properties>
  <testcase name="contextLoads" classname="com.batalhanaval.ApplicationTests" time="0.591">
    <system-out><![CDATA[19:46:03.701 [main] INFO org.springframework.test.context.support.AnnotationConfigContextLoaderUtils -- Could not detect default configuration classes for test class [com.batalhanaval.ApplicationTests]: ApplicationTests does not declare any static, non-private, non-final, nested classes annotated with @Configuration.
19:46:03.842 [main] INFO org.springframework.boot.test.context.SpringBootTestContextBootstrapper -- Found @SpringBootConfiguration com.batalhanaval.Application for test class com.batalhanaval.ApplicationTests

  .   ____          _            __ _ _
 /\\ / ___'_ __ _ _(_)_ __  __ _ \ \ \ \
( ( )\___ | '_ | '_| | '_ \/ _` | \ \ \ \
 \\/  ___)| |_)| | | | | || (_| |  ) ) ) )
  '  |____| .__|_| |_|_| |_\__, | / / / /
 =========|_|==============|___/=/_/_/_/
 :: Spring Boot ::               (v3.1.10)

2024-06-16T19:46:04.349-03:00  INFO 4916 --- [           main] com.batalhanaval.ApplicationTests        : Starting ApplicationTests using Java 17.0.7 with PID 4916 (started by luizl in C:\Users\luizl\git\batalha-naval)
2024-06-16T19:46:04.352-03:00  INFO 4916 --- [           main] com.batalhanaval.ApplicationTests        : No active profile set, falling back to 1 default profile: "default"
2024-06-16T19:46:05.211-03:00  INFO 4916 --- [           main] .s.d.r.c.RepositoryConfigurationDelegate : Bootstrapping Spring Data JPA repositories in DEFAULT mode.
2024-06-16T19:46:05.306-03:00  INFO 4916 --- [           main] .s.d.r.c.RepositoryConfigurationDelegate : Finished Spring Data repository scanning in 87 ms. Found 6 JPA repository interfaces.
2024-06-16T19:46:05.983-03:00  INFO 4916 --- [           main] o.hibernate.jpa.internal.util.LogHelper  : HHH000204: Processing PersistenceUnitInfo [name: default]
2024-06-16T19:46:06.098-03:00  INFO 4916 --- [           main] org.hibernate.Version                    : HHH000412: Hibernate ORM core version 6.2.22.Final
2024-06-16T19:46:06.101-03:00  INFO 4916 --- [           main] org.hibernate.cfg.Environment            : HHH000406: Using bytecode reflection optimizer
2024-06-16T19:46:06.597-03:00  INFO 4916 --- [           main] o.s.o.j.p.SpringPersistenceUnitInfo      : No LoadTimeWeaver setup: ignoring JPA class transformer
2024-06-16T19:46:06.638-03:00  INFO 4916 --- [           main] com.zaxxer.hikari.HikariDataSource       : HikariPool-1 - Starting...
2024-06-16T19:46:07.173-03:00  INFO 4916 --- [           main] com.zaxxer.hikari.pool.HikariPool        : HikariPool-1 - Added connection com.mysql.cj.jdbc.ConnectionImpl@26d028f7
2024-06-16T19:46:07.177-03:00  INFO 4916 --- [           main] com.zaxxer.hikari.HikariDataSource       : HikariPool-1 - Start completed.
2024-06-16T19:46:08.516-03:00  INFO 4916 --- [           main] o.h.e.t.j.p.i.JtaPlatformInitiator       : HHH000489: No JTA platform available (set 'hibernate.transaction.jta.platform' to enable JTA platform integration)
2024-06-16T19:46:08.631-03:00  INFO 4916 --- [           main] j.LocalContainerEntityManagerFactoryBean : Initialized JPA EntityManagerFactory for persistence unit 'default'
2024-06-16T19:46:09.217-03:00  INFO 4916 --- [           main] o.s.d.j.r.query.QueryEnhancerFactory     : Hibernate is in classpath; If applicable, HQL parser will be used.
2024-06-16T19:46:09.696-03:00  WARN 4916 --- [           main] JpaBaseConfiguration$JpaWebConfiguration : spring.jpa.open-in-view is enabled by default. Therefore, database queries may be performed during view rendering. Explicitly configure spring.jpa.open-in-view to disable this warning
2024-06-16T19:46:09.739-03:00  WARN 4916 --- [           main] .s.s.UserDetailsServiceAutoConfiguration : 

Using generated security password: 80823478-5ac9-4f12-9972-2afd57ca6ae8

This generated password is for development use only. Your security configuration must be updated before running your application in production.

2024-06-16T19:46:09.864-03:00  INFO 4916 --- [           main] o.s.s.web.DefaultSecurityFilterChain     : Will secure any request with [org.springframework.security.web.session.DisableEncodeUrlFilter@12504d49, org.springframework.security.web.context.request.async.WebAsyncManagerIntegrationFilter@f8dfcbe, org.springframework.security.web.context.SecurityContextHolderFilter@424461ad, org.springframework.security.web.header.HeaderWriterFilter@2da273b3, org.springframework.security.web.authentication.logout.LogoutFilter@4ee9daf5, org.springframework.security.web.savedrequest.RequestCacheAwareFilter@33c5cc0, org.springframework.security.web.servletapi.SecurityContextHolderAwareRequestFilter@7641d70, org.springframework.security.web.authentication.AnonymousAuthenticationFilter@4be171d1, org.springframework.security.web.access.ExceptionTranslationFilter@49aa6081, org.springframework.security.web.access.intercept.AuthorizationFilter@6dde03ce]
Hibernate: select t1_0.id from tema t1_0 where t1_0.nome=? limit ?
2024-06-16T19:46:10.622-03:00  INFO 4916 --- [           main] com.batalhanaval.ApplicationTests        : Started ApplicationTests in 6.595 seconds (process running for 7.829)
]]></system-out>
  </testcase>
</testsuite>